{
  "test_data_loader": {
    "total": 1,
    "passed": 0,
    "failed": 0,
    "errors": 1,
    "skipped": 0,
    "failures": [],
    "error_details": [
      {
        "test": "test_data_loader (unittest.loader._FailedTest.test_data_loader)",
        "message": "ImportError: Failed to import test module: test_data_loader\nTraceback (most recent call last):\n  File \"/home/yasir/miniconda3/lib/python3.12/unittest/loader.py\", line 137, in loadTestsFromName\n    module = __import__(module_name)\n             ^^^^^^^^^^^^^^^^^^^^^^^\nModuleNotFoundError: No module named 'test_data_loader'\n\n"
      }
    ]
  },
  "test_data_preprocessing": {
    "total": 1,
    "passed": 0,
    "failed": 0,
    "errors": 1,
    "skipped": 0,
    "failures": [],
    "error_details": [
      {
        "test": "test_data_preprocessing (unittest.loader._FailedTest.test_data_preprocessing)",
        "message": "ImportError: Failed to import test module: test_data_preprocessing\nTraceback (most recent call last):\n  File \"/home/yasir/miniconda3/lib/python3.12/unittest/loader.py\", line 137, in loadTestsFromName\n    module = __import__(module_name)\n             ^^^^^^^^^^^^^^^^^^^^^^^\nModuleNotFoundError: No module named 'test_data_preprocessing'\n\n"
      }
    ]
  },
  "test_cnn_lstm": {
    "total": 1,
    "passed": 0,
    "failed": 0,
    "errors": 1,
    "skipped": 0,
    "failures": [],
    "error_details": [
      {
        "test": "test_cnn_lstm (unittest.loader._FailedTest.test_cnn_lstm)",
        "message": "ImportError: Failed to import test module: test_cnn_lstm\nTraceback (most recent call last):\n  File \"/home/yasir/miniconda3/lib/python3.12/unittest/loader.py\", line 137, in loadTestsFromName\n    module = __import__(module_name)\n             ^^^^^^^^^^^^^^^^^^^^^^^\n  File \"/media/yasir/D/sign language/tests/test_cnn_lstm.py\", line 8, in <module>\n    from models.cnn_lstm import SignLanguageCNNLSTM, CNNLSTMConfig\nModuleNotFoundError: No module named 'models'\n\n"
      }
    ]
  },
  "test_video_transformer": {
    "total": 1,
    "passed": 0,
    "failed": 0,
    "errors": 1,
    "skipped": 0,
    "failures": [],
    "error_details": [
      {
        "test": "test_video_transformer (unittest.loader._FailedTest.test_video_transformer)",
        "message": "ImportError: Failed to import test module: test_video_transformer\nTraceback (most recent call last):\n  File \"/home/yasir/miniconda3/lib/python3.12/unittest/loader.py\", line 137, in loadTestsFromName\n    module = __import__(module_name)\n             ^^^^^^^^^^^^^^^^^^^^^^^\n  File \"/media/yasir/D/sign language/tests/test_video_transformer.py\", line 8, in <module>\n    from models.video_transformer import VideoTransformer, TransformerConfig\nModuleNotFoundError: No module named 'models'\n\n"
      }
    ]
  }
}